#
# A fatal error has been detected by the Java Runtime Environment:
#
#  EXCEPTION_ACCESS_VIOLATION (0xc0000005) at pc=0x0000000002e45f46, pid=10880, tid=0x000000000000050c
#
# JRE version: OpenJDK Runtime Environment (8.0_152-b01) (build 1.8.0_152-release-1343-b01)
# Java VM: OpenJDK 64-Bit Server VM (25.152-b01 mixed mode windows-amd64 compressed oops)
# Problematic frame:
# v  ~RuntimeStub::resolve_opt_virtual_call
#
# Failed to write core dump. Minidumps are not enabled by default on client versions of Windows
#
# If you would like to submit a bug report, please visit:
#   http://bugreport.java.com/bugreport/crash.jsp
#

---------------  T H R E A D  ---------------

Current thread (0x00000000207f9800):  JavaThread "ForkJoinPool.commonPool-worker-5" daemon [_thread_in_Java, id=1292, stack(0x0000000037f60000,0x0000000038060000)]

siginfo: ExceptionCode=0xc0000005, reading address 0xffffffffffffffff

Registers:
RAX=0x00000000e6314bd8, RBX=0x000000002661b578, RCX=0x0000000000000000, RDX=0x00000000e6314bd8
RSP=0x000000003805dff8, RBP=0x000000003805e288, RSI=0x00000000e6314bd8, RDI=0x0000000100c50c78
R8 =0x0000000000000000, R9 =0x0000000000000001, R10=0x00000000e6314bd8, R11=0x0000000011cc0000
R12=0x0000000000000000, R13=0x0000000000000000, R14=0x00000000e554f940, R15=0x00000000207f9800
RIP=0x0000000002e45f46, EFLAGS=0x0000000000010202

Top of Stack: (sp=0x000000003805dff8)
0x000000003805dff8:   000000003805e2a0 000000000020027f
0x000000003805e008:   0000000004f0bed4 000000000020027f
0x000000003805e018:   0002ffff00001fa0 0000000000000000
0x000000003805e028:   0000000000000000 0000000000000000
0x000000003805e038:   0000000000000000 0000000000000000
0x000000003805e048:   0000000000000000 0000000000000000
0x000000003805e058:   0000000000000000 0000000000000000
0x000000003805e068:   0000000000000000 0000000000000000
0x000000003805e078:   0000000000000000 0000000000000000
0x000000003805e088:   0000000000000000 8000000000000000
0x000000003805e098:   0000000000004000 000000003fc00000
0x000000003805e0a8:   0000000000000000 0000000040000000
0x000000003805e0b8:   0000000000000000 000000004e800000
0x000000003805e0c8:   0000000000000000 002e006100760061
0x000000003805e0d8:   0067006e0061006c 000000003f400000
0x000000003805e0e8:   0000000000000000 0000000000000000 

Instructions: (pc=0x0000000002e45f46)
0x0000000002e45f26:   28 4c 89 5c 24 20 4c 89 64 24 18 4c 89 6c 24 10
0x0000000002e45f36:   4c 89 74 24 08 4c 89 3c 24 48 81 ec 00 02 00 00
0x0000000002e45f46:   48 0f ae 04 24 48 83 ec 20 49 89 a7 c0 01 00 00
0x0000000002e45f56:   49 8b cf e8 52 36 62 61 49 ba 00 00 00 00 00 00 


Register to memory mapping:

RAX=0x00000000e6314bd8 is an oop
com.android.tools.r8.ir.code.BasicBlock 
 - klass: 'com/android/tools/r8/ir/code/BasicBlock'
RBX={method} {0x000000002661b580} 'next' '()Ljava/lang/Object;' in 'com/android/tools/r8/com/google/common/collect/Iterators$9'
RCX=0x0000000000000000 is an unknown value
RDX=0x00000000e6314bd8 is an oop
com.android.tools.r8.ir.code.BasicBlock 
 - klass: 'com/android/tools/r8/ir/code/BasicBlock'
RSP=0x000000003805dff8 is pointing into the stack for thread: 0x00000000207f9800
RBP=0x000000003805e288 is pointing into the stack for thread: 0x00000000207f9800
RSI=0x00000000e6314bd8 is an oop
com.android.tools.r8.ir.code.BasicBlock 
 - klass: 'com/android/tools/r8/ir/code/BasicBlock'
RDI=0x0000000100c50c78 is pointing into metadata
R8 =0x0000000000000000 is an unknown value
R9 =0x0000000000000001 is an unknown value
R10=0x00000000e6314bd8 is an oop
com.android.tools.r8.ir.code.BasicBlock 
 - klass: 'com/android/tools/r8/ir/code/BasicBlock'
R11=0x0000000011cc0000 is an unknown value
R12=0x0000000000000000 is an unknown value
R13=0x0000000000000000 is an unknown value
R14=0x00000000e554f940 is an oop
com.android.tools.r8.graph.DexMethod 
 - klass: 'com/android/tools/r8/graph/DexMethod'
R15=0x00000000207f9800 is a thread


Stack: [0x0000000037f60000,0x0000000038060000],  sp=0x000000003805dff8,  free space=1015k
Native frames: (J=compiled Java code, j=interpreted, Vv=VM code, C=native code)
C  0x0000000002e45f46


---------------  P R O C E S S  ---------------

Java Threads: ( => current thread )
  0x000000001e395800 JavaThread "ForkJoinPool.commonPool-worker-1" daemon [_thread_in_Java, id=5916, stack(0x0000000039460000,0x0000000039560000)]
  0x000000001e395000 JavaThread "Cache worker for Java compile cache (C:\Users\r4kia\OneDrive\Desktop\Git Infused Fitness\.gradle\5.1.1\javaCompile)" [_thread_blocked, id=5580, stack(0x0000000039260000,0x0000000039360000)]
  0x000000001e394000 JavaThread "stdout" daemon [_thread_in_native, id=5068, stack(0x0000000039160000,0x0000000039260000)]
  0x000000001e38d800 JavaThread "stderr" daemon [_thread_in_native, id=10404, stack(0x0000000039060000,0x0000000039160000)]
  0x000000001e393800 JavaThread "stdout" daemon [_thread_in_native, id=7364, stack(0x0000000038f60000,0x0000000039060000)]
  0x000000001e38f800 JavaThread "stderr" daemon [_thread_in_native, id=10380, stack(0x0000000038e60000,0x0000000038f60000)]
  0x000000001e392800 JavaThread "stdout" daemon [_thread_in_native, id=10480, stack(0x0000000038d60000,0x0000000038e60000)]
  0x0000000020801000 JavaThread "stderr" daemon [_thread_in_native, id=9896, stack(0x0000000038c60000,0x0000000038d60000)]
  0x0000000020804800 JavaThread "stdout" daemon [_thread_in_native, id=4076, stack(0x0000000038b60000,0x0000000038c60000)]
  0x0000000020803000 JavaThread "stderr" daemon [_thread_in_native, id=7176, stack(0x0000000038a60000,0x0000000038b60000)]
  0x0000000020802800 JavaThread "stdout" daemon [_thread_in_native, id=1516, stack(0x0000000038960000,0x0000000038a60000)]
  0x00000000207ff800 JavaThread "stderr" daemon [_thread_in_native, id=11004, stack(0x0000000038860000,0x0000000038960000)]
  0x00000000207fe800 JavaThread "stdout" daemon [_thread_in_native, id=10260, stack(0x0000000038760000,0x0000000038860000)]
  0x0000000020801800 JavaThread "stderr" daemon [_thread_in_native, id=9892, stack(0x0000000038660000,0x0000000038760000)]
  0x00000000207f8800 JavaThread "stdout" daemon [_thread_in_native, id=10080, stack(0x0000000038560000,0x0000000038660000)]
  0x00000000207fe000 JavaThread "stderr" daemon [_thread_in_native, id=3776, stack(0x0000000038460000,0x0000000038560000)]
  0x00000000207fb000 JavaThread "pool-25-thread-1" [_thread_blocked, id=2632, stack(0x0000000038360000,0x0000000038460000)]
  0x00000000207f5800 JavaThread "ForkJoinPool.commonPool-worker-7" daemon [_thread_in_Java, id=3520, stack(0x0000000038160000,0x0000000038260000)]
  0x00000000207f8000 JavaThread "ForkJoinPool.commonPool-worker-6" daemon [_thread_in_Java, id=2152, stack(0x0000000038060000,0x0000000038160000)]
=>0x00000000207f9800 JavaThread "ForkJoinPool.commonPool-worker-5" daemon [_thread_in_Java, id=1292, stack(0x0000000037f60000,0x0000000038060000)]
  0x00000000207f7000 JavaThread "ForkJoinPool.commonPool-worker-4" daemon [_thread_in_Java, id=8000, stack(0x0000000037e60000,0x0000000037f60000)]
  0x000000001f862000 JavaThread "ForkJoinPool.commonPool-worker-3" daemon [_thread_in_Java, id=6424, stack(0x0000000037d60000,0x0000000037e60000)]
  0x000000001f863000 JavaThread "ForkJoinPool.commonPool-worker-2" daemon [_thread_in_native, id=6440, stack(0x0000000037c60000,0x0000000037d60000)]
  0x000000001f867800 JavaThread "Cache worker for execution history cache (C:\Users\r4kia\OneDrive\Desktop\Git Infused Fitness\.gradle\5.1.1\executionHistory)" [_thread_blocked, id=3788, stack(0x0000000037b60000,0x0000000037c60000)]
  0x000000001f865000 JavaThread "Execution worker for ':' Thread 7" [_thread_blocked, id=7212, stack(0x0000000037a60000,0x0000000037b60000)]
  0x000000001f864800 JavaThread "Execution worker for ':' Thread 6" [_thread_blocked, id=4484, stack(0x0000000037960000,0x0000000037a60000)]
  0x000000001f866000 JavaThread "Execution worker for ':' Thread 5" [_thread_blocked, id=5296, stack(0x0000000037860000,0x0000000037960000)]
  0x000000001f859000 JavaThread "Execution worker for ':' Thread 4" [_thread_blocked, id=7388, stack(0x0000000037760000,0x0000000037860000)]
  0x000000001f85f000 JavaThread "Execution worker for ':' Thread 3" [_thread_blocked, id=9184, stack(0x0000000037660000,0x0000000037760000)]
  0x000000001f85e800 JavaThread "Execution worker for ':' Thread 2" [_thread_blocked, id=8448, stack(0x0000000037560000,0x0000000037660000)]
  0x000000001f85c000 JavaThread "Execution worker for ':'" [_thread_blocked, id=10932, stack(0x0000000037460000,0x0000000037560000)]
  0x000000001f859800 JavaThread "Cache worker for file content cache (C:\Users\r4kia\OneDrive\Desktop\Git Infused Fitness\.gradle\5.1.1\fileContent)" [_thread_blocked, id=8244, stack(0x0000000037360000,0x0000000037460000)]
  0x000000001f85a800 JavaThread "Cache worker for Build Output Cleanup Cache (C:\Users\r4kia\OneDrive\Desktop\Git Infused Fitness\.gradle\buildOutputCleanup)" [_thread_blocked, id=1520, stack(0x0000000037260000,0x0000000037360000)]
  0x000000001f85b000 JavaThread "pool-24-thread-1" [_thread_blocked, id=9172, stack(0x0000000037160000,0x0000000037260000)]
  0x000000001f85d800 JavaThread "Build operations Thread 8" [_thread_blocked, id=4988, stack(0x0000000037060000,0x0000000037160000)]
  0x000000001eaba000 JavaThread "Build operations Thread 7" [_thread_blocked, id=6452, stack(0x0000000036f60000,0x0000000037060000)]
  0x000000001eabb000 JavaThread "Build operations Thread 6" [_thread_blocked, id=4912, stack(0x0000000036e60000,0x0000000036f60000)]
  0x000000001eab9800 JavaThread "Build operations Thread 5" [_thread_blocked, id=10160, stack(0x0000000036d60000,0x0000000036e60000)]
  0x000000001eabf800 JavaThread "Build operations Thread 4" [_thread_blocked, id=2056, stack(0x0000000036c60000,0x0000000036d60000)]
  0x000000001eabe800 JavaThread "Build operations Thread 3" [_thread_blocked, id=6584, stack(0x0000000036b60000,0x0000000036c60000)]
  0x000000001eabe000 JavaThread "Build operations Thread 2" [_thread_blocked, id=8272, stack(0x0000000036a60000,0x0000000036b60000)]
  0x000000001eabb800 JavaThread "Build operations" [_thread_blocked, id=8348, stack(0x0000000036960000,0x0000000036a60000)]
  0x000000001eab2000 JavaThread "Cache worker for cache directory md-rule (C:\Users\r4kia\.gradle\caches\5.1.1\md-rule)" [_thread_blocked, id=5936, stack(0x0000000036860000,0x0000000036960000)]
  0x000000001eab8800 JavaThread "Cache worker for cache directory md-supplier (C:\Users\r4kia\.gradle\caches\5.1.1\md-supplier)" [_thread_blocked, id=3308, stack(0x0000000036760000,0x0000000036860000)]
  0x000000001eab1000 JavaThread "Cache worker for file hash cache (C:\Users\r4kia\OneDrive\Desktop\Git Infused Fitness\.gradle\5.1.1\fileHashes)" [_thread_blocked, id=928, stack(0x0000000036660000,0x0000000036760000)]
  0x000000001eab6800 JavaThread "Thread-177" [_thread_blocked, id=5136, stack(0x0000000036560000,0x0000000036660000)]
  0x000000001eab5800 JavaThread "Stdin handler" [_thread_blocked, id=8604, stack(0x0000000036460000,0x0000000036560000)]
  0x000000001eab4000 JavaThread "Asynchronous log dispatcher for DefaultDaemonConnection: socket connection from /127.0.0.1:53280 to /127.0.0.1:53562" [_thread_blocked, id=10180, stack(0x0000000036360000,0x0000000036460000)]
  0x000000001eab5000 JavaThread "Daemon worker Thread 4" [_thread_blocked, id=10184, stack(0x0000000036260000,0x0000000036360000)]
  0x000000001eab3800 JavaThread "Cancel handler" [_thread_blocked, id=10152, stack(0x0000000036160000,0x0000000036260000)]
  0x000000001eab2800 JavaThread "Handler for socket connection from /127.0.0.1:53280 to /127.0.0.1:53562" [_thread_in_native, id=10172, stack(0x0000000036060000,0x0000000036160000)]
  0x000000001eab0800 JavaThread "Daemon Thread 4" [_thread_blocked, id=10148, stack(0x0000000035f60000,0x0000000036060000)]
  0x00000000207fc800 JavaThread "Cache worker for Java compile cache (C:\Users\r4kia\.gradle\caches\5.1.1\javaCompile)" [_thread_blocked, id=3544, stack(0x000000002b8c0000,0x000000002b9c0000)]
  0x000000001f860800 JavaThread "MarlinRenderer Disposer" daemon [_thread_blocked, id=10868, stack(0x000000002a8c0000,0x000000002a9c0000)]
  0x000000001f866800 JavaThread "Java2D Disposer" daemon [_thread_blocked, id=9760, stack(0x000000002a7c0000,0x000000002a8c0000)]
  0x000000001ab6e000 JavaThread "Cache worker for file content cache (C:\Users\r4kia\.gradle\caches\5.1.1\fileContent)" [_thread_blocked, id=9988, stack(0x00000000294c0000,0x00000000295c0000)]
  0x000000001e39b800 JavaThread "Memory manager" [_thread_blocked, id=10960, stack(0x0000000024490000,0x0000000024590000)]
  0x000000001ab71000 JavaThread "Cache worker for execution history cache (C:\Users\r4kia\.gradle\caches\5.1.1\executionHistory)" [_thread_blocked, id=6508, stack(0x0000000021790000,0x0000000021890000)]
  0x000000001ab73000 JavaThread "Cache worker for journal cache (C:\Users\r4kia\.gradle\caches\journal-1)" [_thread_blocked, id=10312, stack(0x000000001c4e0000,0x000000001c5e0000)]
  0x000000001ab81800 JavaThread "File lock request listener" [_thread_in_native, id=10308, stack(0x000000001c3e0000,0x000000001c4e0000)]
  0x000000001a964800 JavaThread "Cache worker for file hash cache (C:\Users\r4kia\.gradle\caches\5.1.1\fileHashes)" [_thread_blocked, id=10324, stack(0x000000001c2e0000,0x000000001c3e0000)]
  0x000000001a70c800 JavaThread "Daemon periodic checks" [_thread_blocked, id=9816, stack(0x000000001b7e0000,0x000000001b8e0000)]
  0x000000001a7b9800 JavaThread "Incoming local TCP Connector on port 53280" [_thread_in_native, id=9744, stack(0x000000001b5a0000,0x000000001b6a0000)]
  0x0000000018b68800 JavaThread "Service Thread" daemon [_thread_blocked, id=9192, stack(0x0000000019690000,0x0000000019790000)]
  0x0000000018b2e000 JavaThread "C1 CompilerThread3" daemon [_thread_blocked, id=5928, stack(0x0000000019590000,0x0000000019690000)]
  0x0000000018aef000 JavaThread "C2 CompilerThread2" daemon [_thread_in_native, id=8044, stack(0x0000000019490000,0x0000000019590000)]
  0x0000000016bca000 JavaThread "C2 CompilerThread1" daemon [_thread_in_native, id=7816, stack(0x0000000019390000,0x0000000019490000)]
  0x0000000018acc800 JavaThread "C2 CompilerThread0" daemon [_thread_in_vm, id=7288, stack(0x0000000019290000,0x0000000019390000)]
  0x0000000018acb800 JavaThread "Attach Listener" daemon [_thread_blocked, id=7296, stack(0x0000000019190000,0x0000000019290000)]
  0x0000000018ac8800 JavaThread "Signal Dispatcher" daemon [_thread_blocked, id=6304, stack(0x0000000019090000,0x0000000019190000)]
  0x0000000018ac0800 JavaThread "Finalizer" daemon [_thread_blocked, id=11032, stack(0x0000000018ea0000,0x0000000018fa0000)]
  0x0000000002df6800 JavaThread "Reference Handler" daemon [_thread_blocked, id=10860, stack(0x00000000189a0000,0x0000000018aa0000)]
  0x0000000002bfe000 JavaThread "main" [_thread_blocked, id=8452, stack(0x0000000002c00000,0x0000000002d00000)]

Other Threads:
  0x0000000016bb6800 VMThread [stack: 0x00000000188a0000,0x00000000189a0000] [id=11260]
  0x0000000018b69800 WatcherThread [stack: 0x0000000019790000,0x0000000019890000] [id=9712]

VM state:not at safepoint (normal execution)

VM Mutex/Monitor currently owned by a thread: None

Heap:
 PSYoungGen      total 419840K, used 129853K [0x00000000e0000000, 0x00000000fd500000, 0x0000000100000000)
  eden space 387072K, 27% used [0x00000000e0000000,0x00000000e6854300,0x00000000f7a00000)
  from space 32768K, 70% used [0x00000000f7a00000,0x00000000f907b140,0x00000000f9a00000)
  to   space 33792K, 0% used [0x00000000fb400000,0x00000000fb400000,0x00000000fd500000)
 ParOldGen       total 248832K, used 84017K [0x00000000a0000000, 0x00000000af300000, 0x00000000e0000000)
  object space 248832K, 33% used [0x00000000a0000000,0x00000000a520c788,0x00000000af300000)
 Metaspace       used 102671K, capacity 107740K, committed 107904K, reserved 1142784K
  class space    used 12895K, capacity 13870K, committed 13952K, reserved 1048576K

Card table byte_map: [0x00000000121c0000,0x00000000124d0000] byte_map_base: 0x0000000011cc0000

Marking Bits: (ParMarkBitMap*) 0x0000000064a25aa0
 Begin Bits: [0x0000000012ed0000, 0x00000000146d0000)
 End Bits:   [0x00000000146d0000, 0x0000000015ed0000)

Polling page: 0x0000000002aa0000

CodeCache: size=245760Kb used=60523Kb max_used=61060Kb free=185236Kb
 bounds [0x0000000002e00000, 0x0000000006a00000, 0x0000000011e00000]
 total_blobs=19211 nmethods=18190 adapters=933
 compilation: enabled

Compilation events (10 events):
Event: 445.829 Thread 0x0000000018b2e000 nmethod 22725 0x0000000004fdced0 code [0x0000000004fdd080, 0x0000000004fdd418]
Event: 445.829 Thread 0x0000000018b2e000 22726       3       com.android.tools.r8.ir.optimize.RedundantFieldLoadElimination::run (552 bytes)
Event: 445.834 Thread 0x0000000018b2e000 nmethod 22726 0x00000000051e9190 code [0x00000000051e97c0, 0x00000000051edd18]
Event: 445.834 Thread 0x0000000018b2e000 22729       2       com.android.tools.r8.ir.code.IRCode::traceBlocks (243 bytes)
Event: 445.836 Thread 0x0000000018b2e000 nmethod 22729 0x00000000041574d0 code [0x0000000004157780, 0x0000000004157f58]
Event: 445.836 Thread 0x0000000018b2e000 22730       2       com.android.tools.r8.ir.code.Phi::needsRegister (13 bytes)
Event: 445.836 Thread 0x0000000018b2e000 nmethod 22730 0x000000000483a810 code [0x000000000483a960, 0x000000000483aad0]
Event: 445.836 Thread 0x0000000018b2e000 22731       2       com.android.tools.r8.ir.code.Binop::rightValue (14 bytes)
Event: 445.836 Thread 0x0000000018b2e000 nmethod 22731 0x0000000004fdcb10 code [0x0000000004fdcc80, 0x0000000004fdce28]
Event: 445.836 Thread 0x0000000018b2e000 22732 %     3       com.android.tools.r8.ir.conversion.DexBuilder::removeRedundantDebugPositions @ 276 (851 bytes)

GC Heap History (10 events):
Event: 193.235 GC heap before
{Heap before GC invocations=17 (full 4):
 PSYoungGen      total 345088K, used 15114K [0x00000000e0000000, 0x00000000f9300000, 0x0000000100000000)
  eden space 315392K, 0% used [0x00000000e0000000,0x00000000e0000000,0x00000000f3400000)
  from space 29696K, 50% used [0x00000000f3400000,0x00000000f42c29e8,0x00000000f5100000)
  to   space 28672K, 0% used [0x00000000f7700000,0x00000000f7700000,0x00000000f9300000)
 ParOldGen       total 150016K, used 71758K [0x00000000a0000000, 0x00000000a9280000, 0x00000000e0000000)
  object space 150016K, 47% used [0x00000000a0000000,0x00000000a4613888,0x00000000a9280000)
 Metaspace       used 94214K, capacity 98546K, committed 98560K, reserved 1134592K
  class space    used 12170K, capacity 13042K, committed 13056K, reserved 1048576K
Event: 193.447 GC heap after
Heap after GC invocations=17 (full 4):
 PSYoungGen      total 345088K, used 0K [0x00000000e0000000, 0x00000000f9300000, 0x0000000100000000)
  eden space 315392K, 0% used [0x00000000e0000000,0x00000000e0000000,0x00000000f3400000)
  from space 29696K, 0% used [0x00000000f3400000,0x00000000f3400000,0x00000000f5100000)
  to   space 28672K, 0% used [0x00000000f7700000,0x00000000f7700000,0x00000000f9300000)
 ParOldGen       total 248832K, used 73692K [0x00000000a0000000, 0x00000000af300000, 0x00000000e0000000)
  object space 248832K, 29% used [0x00000000a0000000,0x00000000a47f72c0,0x00000000af300000)
 Metaspace       used 93708K, capacity 97206K, committed 98560K, reserved 1134592K
  class space    used 11998K, capacity 12742K, committed 13056K, reserved 1048576K
}
Event: 195.600 GC heap before
{Heap before GC invocations=18 (full 4):
 PSYoungGen      total 345088K, used 315392K [0x00000000e0000000, 0x00000000f9300000, 0x0000000100000000)
  eden space 315392K, 100% used [0x00000000e0000000,0x00000000f3400000,0x00000000f3400000)
  from space 29696K, 0% used [0x00000000f3400000,0x00000000f3400000,0x00000000f5100000)
  to   space 28672K, 0% used [0x00000000f7700000,0x00000000f7700000,0x00000000f9300000)
 ParOldGen       total 248832K, used 73692K [0x00000000a0000000, 0x00000000af300000, 0x00000000e0000000)
  object space 248832K, 29% used [0x00000000a0000000,0x00000000a47f72c0,0x00000000af300000)
 Metaspace       used 97643K, capacity 101818K, committed 102272K, reserved 1138688K
  class space    used 12423K, capacity 13240K, committed 13440K, reserved 1048576K
Event: 195.637 GC heap after
Heap after GC invocations=18 (full 4):
 PSYoungGen      total 377856K, used 28651K [0x00000000e0000000, 0x00000000fac00000, 0x0000000100000000)
  eden space 349184K, 0% used [0x00000000e0000000,0x00000000e0000000,0x00000000f5500000)
  from space 28672K, 99% used [0x00000000f7700000,0x00000000f92faf68,0x00000000f9300000)
  to   space 34816K, 0% used [0x00000000f5500000,0x00000000f5500000,0x00000000f7700000)
 ParOldGen       total 248832K, used 79277K [0x00000000a0000000, 0x00000000af300000, 0x00000000e0000000)
  object space 248832K, 31% used [0x00000000a0000000,0x00000000a4d6b4d0,0x00000000af300000)
 Metaspace       used 97643K, capacity 101818K, committed 102272K, reserved 1138688K
  class space    used 12423K, capacity 13240K, committed 13440K, reserved 1048576K
}
Event: 242.165 GC heap before
{Heap before GC invocations=19 (full 4):
 PSYoungGen      total 377856K, used 377835K [0x00000000e0000000, 0x00000000fac00000, 0x0000000100000000)
  eden space 349184K, 100% used [0x00000000e0000000,0x00000000f5500000,0x00000000f5500000)
  from space 28672K, 99% used [0x00000000f7700000,0x00000000f92faf68,0x00000000f9300000)
  to   space 34816K, 0% used [0x00000000f5500000,0x00000000f5500000,0x00000000f7700000)
 ParOldGen       total 248832K, used 79277K [0x00000000a0000000, 0x00000000af300000, 0x00000000e0000000)
  object space 248832K, 31% used [0x00000000a0000000,0x00000000a4d6b4d0,0x00000000af300000)
 Metaspace       used 99558K, capacity 103894K, committed 104192K, reserved 1140736K
  class space    used 12655K, capacity 13494K, committed 13568K, reserved 1048576K
Event: 242.175 GC heap after
Heap after GC invocations=19 (full 4):
 PSYoungGen      total 384000K, used 6226K [0x00000000e0000000, 0x00000000fc680000, 0x0000000100000000)
  eden space 349184K, 0% used [0x00000000e0000000,0x00000000e0000000,0x00000000f5500000)
  from space 34816K, 17% used [0x00000000f5500000,0x00000000f5b14878,0x00000000f7700000)
  to   space 34304K, 0% used [0x00000000fa500000,0x00000000fa500000,0x00000000fc680000)
 ParOldGen       total 248832K, used 84001K [0x00000000a0000000, 0x00000000af300000, 0x00000000e0000000)
  object space 248832K, 33% used [0x00000000a0000000,0x00000000a5208788,0x00000000af300000)
 Metaspace       used 99558K, capacity 103894K, committed 104192K, reserved 1140736K
  class space    used 12655K, capacity 13494K, committed 13568K, reserved 1048576K
}
Event: 438.426 GC heap before
{Heap before GC invocations=20 (full 4):
 PSYoungGen      total 384000K, used 355410K [0x00000000e0000000, 0x00000000fc680000, 0x0000000100000000)
  eden space 349184K, 100% used [0x00000000e0000000,0x00000000f5500000,0x00000000f5500000)
  from space 34816K, 17% used [0x00000000f5500000,0x00000000f5b14878,0x00000000f7700000)
  to   space 34304K, 0% used [0x00000000fa500000,0x00000000fa500000,0x00000000fc680000)
 ParOldGen       total 248832K, used 84001K [0x00000000a0000000, 0x00000000af300000, 0x00000000e0000000)
  object space 248832K, 33% used [0x00000000a0000000,0x00000000a5208788,0x00000000af300000)
 Metaspace       used 101829K, capacity 106790K, committed 106880K, reserved 1142784K
  class space    used 12893K, capacity 13867K, committed 13952K, reserved 1048576K
Event: 438.438 GC heap after
Heap after GC invocations=20 (full 4):
 PSYoungGen      total 408576K, used 15261K [0x00000000e0000000, 0x00000000fba00000, 0x0000000100000000)
  eden space 387072K, 0% used [0x00000000e0000000,0x00000000e0000000,0x00000000f7a00000)
  from space 21504K, 70% used [0x00000000fa500000,0x00000000fb3e7458,0x00000000fba00000)
  to   space 32768K, 0% used [0x00000000f7a00000,0x00000000f7a00000,0x00000000f9a00000)
 ParOldGen       total 248832K, used 84009K [0x00000000a0000000, 0x00000000af300000, 0x00000000e0000000)
  object space 248832K, 33% used [0x00000000a0000000,0x00000000a520a788,0x00000000af300000)
 Metaspace       used 101829K, capacity 106790K, committed 106880K, reserved 1142784K
  class space    used 12893K, capacity 13867K, committed 13952K, reserved 1048576K
}
Event: 445.499 GC heap before
{Heap before GC invocations=21 (full 4):
 PSYoungGen      total 408576K, used 402333K [0x00000000e0000000, 0x00000000fba00000, 0x0000000100000000)
  eden space 387072K, 100% used [0x00000000e0000000,0x00000000f7a00000,0x00000000f7a00000)
  from space 21504K, 70% used [0x00000000fa500000,0x00000000fb3e7458,0x00000000fba00000)
  to   space 32768K, 0% used [0x00000000f7a00000,0x00000000f7a00000,0x00000000f9a00000)
 ParOldGen       total 248832K, used 84009K [0x00000000a0000000, 0x00000000af300000, 0x00000000e0000000)
  object space 248832K, 33% used [0x00000000a0000000,0x00000000a520a788,0x00000000af300000)
 Metaspace       used 102559K, capacity 107604K, committed 107904K, reserved 1142784K
  class space    used 12895K, capacity 13870K, committed 13952K, reserved 1048576K
Event: 445.525 GC heap after
Heap after GC invocations=21 (full 4):
 PSYoungGen      total 419840K, used 23020K [0x00000000e0000000, 0x00000000fd500000, 0x0000000100000000)
  eden space 387072K, 0% used [0x00000000e0000000,0x00000000e0000000,0x00000000f7a00000)
  from space 32768K, 70% used [0x00000000f7a00000,0x00000000f907b140,0x00000000f9a00000)
  to   space 33792K, 0% used [0x00000000fb400000,0x00000000fb400000,0x00000000fd500000)
 ParOldGen       total 248832K, used 84017K [0x00000000a0000000, 0x00000000af300000, 0x00000000e0000000)
  object space 248832K, 33% used [0x00000000a0000000,0x00000000a520c788,0x00000000af300000)
 Metaspace       used 102559K, capacity 107604K, committed 107904K, reserved 1142784K
  class space    used 12895K, capacity 13870K, committed 13952K, reserved 1048576K
}

Deoptimization events (10 events):
Event: 445.389 Thread 0x00000000207f8000 Uncommon trap: reason=bimorphic action=maybe_recompile pc=0x0000000004184d84 method=java.util.LinkedHashMap.afterNodeInsertion(Z)V @ 15
Event: 445.389 Thread 0x00000000207f8000 Uncommon trap: reason=bimorphic action=maybe_recompile pc=0x0000000004184d84 method=java.util.LinkedHashMap.afterNodeInsertion(Z)V @ 15
Event: 445.437 Thread 0x00000000207f5800 Uncommon trap: reason=array_check action=maybe_recompile pc=0x0000000005966098 method=java.util.TimSort.mergeLo(IIII)V @ 245
Event: 445.437 Thread 0x00000000207f5800 Uncommon trap: reason=unstable_if action=reinterpret pc=0x0000000003f6d4ac method=java.util.TimSort.mergeAt(I)V @ 170
Event: 445.437 Thread 0x00000000207f5800 Uncommon trap: reason=array_check action=maybe_recompile pc=0x0000000005966370 method=java.util.TimSort.mergeLo(IIII)V @ 375
Event: 445.437 Thread 0x00000000207f5800 Uncommon trap: reason=array_check action=maybe_recompile pc=0x00000000059662c4 method=java.util.TimSort.mergeLo(IIII)V @ 590
Event: 445.437 Thread 0x00000000207f5800 Uncommon trap: reason=array_check action=maybe_recompile pc=0x0000000005966098 method=java.util.TimSort.mergeLo(IIII)V @ 245
Event: 445.440 Thread 0x00000000207f9800 Uncommon trap: reason=array_check action=maybe_recompile pc=0x0000000005628138 method=java.util.TimSort.mergeHi(IIII)V @ 657
Event: 445.785 Thread 0x00000000207f8000 Uncommon trap: reason=bimorphic action=maybe_recompile pc=0x0000000005796638 method=com.android.tools.r8.com.google.common.collect.AbstractIndexedListIterator.next()Ljava/lang/Object; @ 27
Event: 445.815 Thread 0x00000000207f5800 Uncommon trap: reason=unstable_if action=reinterpret pc=0x0000000005b52c68 method=com.android.tools.r8.ir.optimize.MoveEliminator.shouldBeEliminated(Lcom/android/tools/r8/ir/code/Instruction;)Z @ 148

Classes redefined (0 events):
No events

Internal exceptions (10 events):
Event: 445.699 Thread 0x00000000207f8000 Exception <a 'sun/nio/fs/WindowsException'> (0x00000000e35d9378) thrown at [D:\src\AOSP-openjdk-cygwin\jdk8u\hotspot\src\share\vm\prims\jni.cpp, line 709]
Event: 445.716 Thread 0x00000000207f9800 Exception <a 'sun/nio/fs/WindowsException'> (0x00000000e0246df0) thrown at [D:\src\AOSP-openjdk-cygwin\jdk8u\hotspot\src\share\vm\prims\jni.cpp, line 709]
Event: 445.718 Thread 0x000000001f863000 Exception <a 'sun/nio/fs/WindowsException'> (0x00000000e2a939c0) thrown at [D:\src\AOSP-openjdk-cygwin\jdk8u\hotspot\src\share\vm\prims\jni.cpp, line 709]
Event: 445.776 Thread 0x00000000207f9800 Exception <a 'sun/nio/fs/WindowsException'> (0x00000000e4778788) thrown at [D:\src\AOSP-openjdk-cygwin\jdk8u\hotspot\src\share\vm\prims\jni.cpp, line 709]
Event: 445.778 Thread 0x00000000207f9800 Exception <a 'sun/nio/fs/WindowsException'> (0x00000000e477d7d8) thrown at [D:\src\AOSP-openjdk-cygwin\jdk8u\hotspot\src\share\vm\prims\jni.cpp, line 709]
Event: 445.779 Thread 0x000000001f863000 Exception <a 'sun/nio/fs/WindowsException'> (0x00000000e2a98918) thrown at [D:\src\AOSP-openjdk-cygwin\jdk8u\hotspot\src\share\vm\prims\jni.cpp, line 709]
Event: 445.788 Thread 0x000000001f862000 Exception <a 'sun/nio/fs/WindowsException'> (0x00000000e310e840) thrown at [D:\src\AOSP-openjdk-cygwin\jdk8u\hotspot\src\share\vm\prims\jni.cpp, line 709]
Event: 445.794 Thread 0x000000001f863000 Exception <a 'sun/nio/fs/WindowsException'> (0x00000000e2a9db30) thrown at [D:\src\AOSP-openjdk-cygwin\jdk8u\hotspot\src\share\vm\prims\jni.cpp, line 709]
Event: 445.796 Thread 0x000000001f863000 Exception <a 'sun/nio/fs/WindowsException'> (0x00000000e2aa2cf0) thrown at [D:\src\AOSP-openjdk-cygwin\jdk8u\hotspot\src\share\vm\prims\jni.cpp, line 709]
Event: 445.832 Thread 0x000000001f863000 Exception <a 'sun/nio/fs/WindowsException'> (0x00000000e2aa7ea8) thrown at [D:\src\AOSP-openjdk-cygwin\jdk8u\hotspot\src\share\vm\prims\jni.cpp, line 709]

Events (10 events):
Event: 445.785 Thread 0x00000000207f8000 DEOPT UNPACKING pc=0x0000000002e4557b sp=0x000000003815e2b0 mode 2
Event: 445.801 Thread 0x00000000207f5800 DEOPT PACKING pc=0x0000000005a75584 sp=0x000000003825db00
Event: 445.801 Thread 0x00000000207f5800 DEOPT UNPACKING pc=0x0000000002e471d0 sp=0x000000003825d970 mode 0
Event: 445.815 Thread 0x00000000207f5800 Uncommon trap: trap_request=0xffffff65 fr.pc=0x0000000005b52c68
Event: 445.815 Thread 0x00000000207f5800 DEOPT PACKING pc=0x0000000005b52c68 sp=0x000000003825dd40
Event: 445.815 Thread 0x00000000207f5800 DEOPT UNPACKING pc=0x0000000002e4557b sp=0x000000003825dcf8 mode 2
Event: 445.826 Executing VM operation: ForceSafepoint
Event: 445.828 Executing VM operation: ForceSafepoint done
Event: 445.829 Thread 0x00000000207f5800 DEOPT PACKING pc=0x00000000049dcb13 sp=0x000000003825e110
Event: 445.829 Thread 0x00000000207f5800 DEOPT UNPACKING pc=0x0000000002e471d0 sp=0x000000003825dee8 mode 0


Dynamic libraries:
0x00007ff7bb5f0000 - 0x00007ff7bb621000 	C:\Program Files\Android\Android Studio\jre\bin\java.exe
0x00007ffa8e2f0000 - 0x00007ffa8e4d1000 	C:\WINDOWS\SYSTEM32\ntdll.dll
0x00007ffa8ba80000 - 0x00007ffa8bb31000 	C:\WINDOWS\System32\KERNEL32.DLL
0x00007ffa8b450000 - 0x00007ffa8b6c3000 	C:\WINDOWS\System32\KERNELBASE.dll
0x00007ffa8d6c0000 - 0x00007ffa8d761000 	C:\WINDOWS\System32\ADVAPI32.dll
0x00007ffa8d620000 - 0x00007ffa8d6be000 	C:\WINDOWS\System32\msvcrt.dll
0x00007ffa8dec0000 - 0x00007ffa8df1b000 	C:\WINDOWS\System32\sechost.dll
0x00007ffa8b920000 - 0x00007ffa8ba44000 	C:\WINDOWS\System32\RPCRT4.dll
0x00007ffa8d490000 - 0x00007ffa8d620000 	C:\WINDOWS\System32\USER32.dll
0x00007ffa8a720000 - 0x00007ffa8a740000 	C:\WINDOWS\System32\win32u.dll
0x00007ffa8bb40000 - 0x00007ffa8bb68000 	C:\WINDOWS\System32\GDI32.dll
0x00007ffa8afd0000 - 0x00007ffa8b161000 	C:\WINDOWS\System32\gdi32full.dll
0x00007ffa8b170000 - 0x00007ffa8b20f000 	C:\WINDOWS\System32\msvcp_win.dll
0x00007ffa8aed0000 - 0x00007ffa8afc8000 	C:\WINDOWS\System32\ucrtbase.dll
0x00007ffa80730000 - 0x00007ffa80999000 	C:\WINDOWS\WinSxS\amd64_microsoft.windows.common-controls_6595b64144ccf1df_6.0.17134.885_none_fb42a3473065565f\COMCTL32.dll
0x00007ffa8d970000 - 0x00007ffa8dc92000 	C:\WINDOWS\System32\combase.dll
0x00007ffa8ae50000 - 0x00007ffa8aec9000 	C:\WINDOWS\System32\bcryptPrimitives.dll
0x00007ffa8ba50000 - 0x00007ffa8ba7d000 	C:\WINDOWS\System32\IMM32.DLL
0x0000000061880000 - 0x0000000061952000 	C:\Program Files\Android\Android Studio\jre\jre\bin\msvcr100.dll
0x0000000064260000 - 0x0000000064aa1000 	C:\Program Files\Android\Android Studio\jre\jre\bin\server\jvm.dll
0x00007ffa8d7d0000 - 0x00007ffa8d7d8000 	C:\WINDOWS\System32\PSAPI.DLL
0x00007ffa88370000 - 0x00007ffa88393000 	C:\WINDOWS\SYSTEM32\WINMM.dll
0x00007ffa7e300000 - 0x00007ffa7e309000 	C:\WINDOWS\SYSTEM32\WSOCK32.dll
0x00007ffa85680000 - 0x00007ffa8568a000 	C:\WINDOWS\SYSTEM32\VERSION.dll
0x00007ffa8df20000 - 0x00007ffa8df8c000 	C:\WINDOWS\System32\WS2_32.dll
0x00007ffa881a0000 - 0x00007ffa881ca000 	C:\WINDOWS\SYSTEM32\winmmbase.dll
0x00007ffa8b210000 - 0x00007ffa8b259000 	C:\WINDOWS\System32\cfgmgr32.dll
0x00007ffa887c0000 - 0x00007ffa887cf000 	C:\Program Files\Android\Android Studio\jre\jre\bin\verify.dll
0x00007ffa77650000 - 0x00007ffa77679000 	C:\Program Files\Android\Android Studio\jre\jre\bin\java.dll
0x00007ffa871e0000 - 0x00007ffa871f6000 	C:\Program Files\Android\Android Studio\jre\jre\bin\zip.dll
0x00007ffa8bb90000 - 0x00007ffa8cfd0000 	C:\WINDOWS\System32\SHELL32.dll
0x00007ffa8d7e0000 - 0x00007ffa8d889000 	C:\WINDOWS\System32\shcore.dll
0x00007ffa8a740000 - 0x00007ffa8ae4d000 	C:\WINDOWS\System32\windows.storage.dll
0x00007ffa8d890000 - 0x00007ffa8d8e1000 	C:\WINDOWS\System32\shlwapi.dll
0x00007ffa8a630000 - 0x00007ffa8a641000 	C:\WINDOWS\System32\kernel.appcore.dll
0x00007ffa8a6a0000 - 0x00007ffa8a6bf000 	C:\WINDOWS\System32\profapi.dll
0x00007ffa8a650000 - 0x00007ffa8a69c000 	C:\WINDOWS\System32\powrprof.dll
0x00007ffa8a620000 - 0x00007ffa8a62a000 	C:\WINDOWS\System32\FLTLIB.DLL
0x00007ffa81d60000 - 0x00007ffa81d7a000 	C:\Program Files\Android\Android Studio\jre\jre\bin\net.dll
0x00007ffa89e80000 - 0x00007ffa89ee6000 	C:\WINDOWS\system32\mswsock.dll
0x00007ffa7b960000 - 0x00007ffa7b971000 	C:\Program Files\Android\Android Studio\jre\jre\bin\nio.dll
0x00007ffa736a0000 - 0x00007ffa736be000 	C:\Users\r4kia\.gradle\native\25\windows-amd64\native-platform.dll
0x00007ffa872f0000 - 0x00007ffa872fd000 	C:\Program Files\Android\Android Studio\jre\jre\bin\management.dll
0x00007ffa8a030000 - 0x00007ffa8a047000 	C:\WINDOWS\SYSTEM32\CRYPTSP.dll
0x00007ffa89a70000 - 0x00007ffa89aa3000 	C:\WINDOWS\system32\rsaenh.dll
0x00007ffa8a160000 - 0x00007ffa8a185000 	C:\WINDOWS\SYSTEM32\bcrypt.dll
0x00007ffa8a530000 - 0x00007ffa8a558000 	C:\WINDOWS\SYSTEM32\USERENV.dll
0x00007ffa8a050000 - 0x00007ffa8a05b000 	C:\WINDOWS\SYSTEM32\CRYPTBASE.dll
0x00007ffa89c10000 - 0x00007ffa89c48000 	C:\WINDOWS\SYSTEM32\IPHLPAPI.DLL
0x00007ffa8e2b0000 - 0x00007ffa8e2b8000 	C:\WINDOWS\System32\NSI.dll
0x00007ffa84b20000 - 0x00007ffa84b36000 	C:\WINDOWS\SYSTEM32\dhcpcsvc6.DLL
0x00007ffa84d40000 - 0x00007ffa84d5a000 	C:\WINDOWS\SYSTEM32\dhcpcsvc.DLL
0x00007ffa52600000 - 0x00007ffa52798000 	C:\Program Files\Android\Android Studio\jre\jre\bin\awt.dll
0x00007ffa8e1e0000 - 0x00007ffa8e2a2000 	C:\WINDOWS\System32\OLEAUT32.dll
0x00007ffa87bd0000 - 0x00007ffa88197000 	C:\WINDOWS\SYSTEM32\d2d1.dll
0x00007ffa889b0000 - 0x00007ffa88a3b000 	C:\WINDOWS\SYSTEM32\apphelp.dll
0x00007ffa88d90000 - 0x00007ffa88db9000 	C:\WINDOWS\system32\DWMAPI.DLL
0x00007ffa88b60000 - 0x00007ffa88bf8000 	C:\WINDOWS\system32\uxtheme.dll
0x00007ffa89810000 - 0x00007ffa89841000 	C:\WINDOWS\SYSTEM32\ntmarta.dll
0x00007ffa79e80000 - 0x00007ffa7a049000 	C:\WINDOWS\SYSTEM32\dbghelp.dll

VM Arguments:
jvm_args: -Xmx1536m -Dfile.encoding=windows-1252 -Duser.country=US -Duser.language=en -Duser.variant 
java_command: org.gradle.launcher.daemon.bootstrap.GradleDaemon 5.1.1
java_class_path (initial): C:\Users\r4kia\.gradle\wrapper\dists\gradle-5.1.1-all\97z1ksx6lirer3kbvdnh7jtjg\gradle-5.1.1\lib\gradle-launcher-5.1.1.jar
Launcher Type: SUN_STANDARD

Environment Variables:
PATH=C:\Program Files (x86)\Common Files\Oracle\Java\javapath;C:\ProgramData\Oracle\Java\javapath;C:\Windows\system32;C:\Windows;C:\Windows\System32\Wbem;C:\Windows\System32\WindowsPowerShell\v1.0\;C:\Program Files (x86)\NVIDIA Corporation\PhysX\Common;C:\Program Files (x86)\Brackets\command;C:\WINDOWS\system32;C:\WINDOWS;C:\WINDOWS\System32\Wbem;C:\WINDOWS\System32\WindowsPowerShell\v1.0\;C:\WINDOWS\System32\OpenSSH\;C:\Program Files\nodejs\;C:\Program Files\Git\cmd;C:\Program Files\Git\mingw64\bin;C:\Program Files\Git\usr\bin;C:\Program Files\Amazon\AWSCLI\bin\;C:\Users\r4kia\AppData\Local\Microsoft\WindowsApps;C:\Users\r4kia\AppData\Roaming\npm;C:\Users\r4kia\AppData\Local\Programs\Microsoft VS Code\bin
USERNAME=r4kia
OS=Windows_NT
PROCESSOR_IDENTIFIER=AMD64 Family 21 Model 2 Stepping 0, AuthenticAMD



---------------  S Y S T E M  ---------------

OS: Windows 10.0 , 64 bit Build 17134 (10.0.17134.753)

CPU:total 8 (initial active 8) (8 cores per cpu, 1 threads per core) family 21 model 2 stepping 0, cmov, cx8, fxsr, mmx, sse, sse2, sse3, ssse3, sse4.1, sse4.2, popcnt, avx, aes, clmul, mmxext, 3dnowpref, lzcnt, sse4a, tsc, tscinvbit, tscinv, bmi1

Memory: 4k page, physical 10447660k(4333120k free), swap 17001260k(7360676k free)

vm_info: OpenJDK 64-Bit Server VM (25.152-b01) for windows-amd64 JRE (1.8.0_152-release-1343-b01), built by "builder" with MS VC++ 10.0 (VS2010)

time: Thu Aug 01 16:02:00 2019
elapsed time: 445 seconds (0d 0h 7m 25s)

